{"numFailedTestSuites":1,"numFailedTests":1,"numPassedTestSuites":0,"numPassedTests":23,"numPendingTestSuites":0,"numPendingTests":0,"numRuntimeErrorTestSuites":0,"numTodoTests":0,"numTotalTestSuites":1,"numTotalTests":24,"openHandles":[],"snapshot":{"added":0,"didUpdate":false,"failure":false,"filesAdded":0,"filesRemoved":0,"filesRemovedList":[],"filesUnmatched":0,"filesUpdated":0,"matched":0,"total":0,"unchecked":0,"uncheckedKeysByFile":[],"unmatched":0,"updated":0},"startTime":1785302643036,"success":false,"testResults":[{"assertionResults":[{"ancestorTitles":["Product API Endpoints","GET /api/v1/product"],"duration":158,"failing":false,"failureDetails":[],"failureMessages":[],"fullName":"Product API Endpoints GET /api/v1/product Should fetch all products","invocations":1,"location":null,"numPassingAsserts":4,"retryReasons":[],"startAt":1785302645459,"status":"passed","title":"Should fetch all products"},{"ancestorTitles":["Product API Endpoints","GET /api/v1/product"],"duration":113,"failing":false,"failureDetails":[],"failureMessages":[],"fullName":"Product API Endpoints GET /api/v1/product Should include pagination info","invocations":1,"location":null,"numPassingAsserts":4,"retryReasons":[],"startAt":1785302645618,"status":"passed","title":"Should include pagination info"},{"ancestorTitles":["Product API Endpoints","GET /api/v1/product"],"duration":156,"failing":false,"failureDetails":[],"failureMessages":[],"fullName":"Product API Endpoints GET /api/v1/product Should handle missing auth token","invocations":1,"location":null,"numPassingAsserts":2,"retryReasons":[],"startAt":1785302645731,"status":"passed","title":"Should handle missing auth token"},{"ancestorTitles":["Product API Endpoints","POST /api/v1/product/admin/create"],"duration":103,"failing":false,"failureDetails":[],"failureMessages":[],"fullName":"Product API Endpoints POST /api/v1/product/admin/create Should create product with valid data","invocations":1,"location":null,"numPassingAsserts":4,"retryReasons":[],"startAt":1785302645887,"status":"passed","title":"Should create product with valid data"},{"ancestorTitles":["Product API Endpoints","POST /api/v1/product/admin/create"],"duration":66,"failing":false,"failureDetails":[],"failureMessages":[],"fullName":"Product API Endpoints POST /api/v1/product/admin/create Should reject product with missing name","invocations":1,"location":null,"numPassingAsserts":3,"retryReasons":[],"startAt":1785302645992,"status":"passed","title":"Should reject product with missing name"},{"ancestorTitles":["Product API Endpoints","POST /api/v1/product/admin/create"],"duration":93,"failing":false,"failureDetails":[],"failureMessages":[],"fullName":"Product API Endpoints POST /api/v1/product/admin/create Should reject product with invalid price","invocations":1,"location":null,"numPassingAsserts":2,"retryReasons":[],"startAt":1785302646059,"status":"passed","title":"Should reject product with invalid price"},{"ancestorTitles":["Product API Endpoints","POST /api/v1/product/admin/create"],"duration":205,"failing":false,"failureDetails":[],"failureMessages":[],"fullName":"Product API Endpoints POST /api/v1/product/admin/create Should require admin role","invocations":1,"location":null,"numPassingAsserts":3,"retryReasons":[],"startAt":1785302646153,"status":"passed","title":"Should require admin role"},{"ancestorTitles":["Product API Endpoints","PUT /api/v1/product/admin/update/:id"],"duration":74,"failing":false,"failureDetails":[],"failureMessages":[],"fullName":"Product API Endpoints PUT /api/v1/product/admin/update/:id Should update product with valid data","invocations":1,"location":null,"numPassingAsserts":4,"retryReasons":[],"startAt":1785302646359,"status":"passed","title":"Should update product with valid data"},{"ancestorTitles":["Product API Endpoints","PUT /api/v1/product/admin/update/:id"],"duration":47,"failing":false,"failureDetails":[],"failureMessages":[],"fullName":"Product API Endpoints PUT /api/v1/product/admin/update/:id Should return 404 for non-existent product","invocations":1,"location":null,"numPassingAsserts":2,"retryReasons":[],"startAt":1785302646433,"status":"passed","title":"Should return 404 for non-existent product"},{"ancestorTitles":["Product API Endpoints","DELETE /api/v1/product/admin/delete/:id"],"duration":53,"failing":false,"failureDetails":[],"failureMessages":[],"fullName":"Product API Endpoints DELETE /api/v1/product/admin/delete/:id Should delete product","invocations":1,"location":null,"numPassingAsserts":2,"retryReasons":[],"startAt":1785302646480,"status":"passed","title":"Should delete product"},{"ancestorTitles":["Product API Endpoints","DELETE /api/v1/product/admin/delete/:id"],"duration":43,"failing":false,"failureDetails":[],"failureMessages":[],"fullName":"Product API Endpoints DELETE /api/v1/product/admin/delete/:id Should return 404 for already deleted product","invocations":1,"location":null,"numPassingAsserts":2,"retryReasons":[],"startAt":1785302646533,"status":"passed","title":"Should return 404 for already deleted product"},{"ancestorTitles":["Order API Endpoints","GET /api/v1/order/admin/getall"],"duration":48,"failing":false,"failureDetails":[],"failureMessages":[],"fullName":"Order API Endpoints GET /api/v1/order/admin/getall Should fetch all orders","invocations":1,"location":null,"numPassingAsserts":3,"retryReasons":[],"startAt":1785302646578,"status":"passed","title":"Should fetch all orders"},{"ancestorTitles":["Order API Endpoints","GET /api/v1/order/admin/getall"],"duration":42,"failing":false,"failureDetails":[],"failureMessages":[],"fullName":"Order API Endpoints GET /api/v1/order/admin/getall Should support filtering by status","invocations":1,"location":null,"numPassingAsserts":2,"retryReasons":[],"startAt":1785302646627,"status":"passed","title":"Should support filtering by status"},{"ancestorTitles":["Order API Endpoints","GET /api/v1/order/admin/getall"],"duration":47,"failing":false,"failureDetails":[],"failureMessages":[],"fullName":"Order API Endpoints GET /api/v1/order/admin/getall Should support pagination","invocations":1,"location":null,"numPassingAsserts":2,"retryReasons":[],"startAt":1785302646670,"status":"passed","title":"Should support pagination"},{"ancestorTitles":["Order API Endpoints","PUT /api/v1/order/admin/update/:id"],"duration":42,"failing":false,"failureDetails":[],"failureMessages":[],"fullName":"Order API Endpoints PUT /api/v1/order/admin/update/:id Should update order status","invocations":1,"location":null,"numPassingAsserts":0,"retryReasons":[],"startAt":1785302646718,"status":"passed","title":"Should update order status"},{"ancestorTitles":["Order API Endpoints","PUT /api/v1/order/admin/update/:id"],"duration":36,"failing":false,"failureDetails":[],"failureMessages":[],"fullName":"Order API Endpoints PUT /api/v1/order/admin/update/:id Should reject invalid status","invocations":1,"location":null,"numPassingAsserts":0,"retryReasons":[],"startAt":1785302646761,"status":"passed","title":"Should reject invalid status"},{"ancestorTitles":["Analytics API Endpoints","GET /api/v1/analytics/revenue/metrics"],"duration":45,"failing":false,"failureDetails":[],"failureMessages":[],"fullName":"Analytics API Endpoints GET /api/v1/analytics/revenue/metrics Should return revenue metrics","invocations":1,"location":null,"numPassingAsserts":3,"retryReasons":[],"startAt":1785302646799,"status":"passed","title":"Should return revenue metrics"},{"ancestorTitles":["Analytics API Endpoints","GET /api/v1/analytics/products/by-category"],"duration":34,"failing":false,"failureDetails":[],"failureMessages":[],"fullName":"Analytics API Endpoints GET /api/v1/analytics/products/by-category Should return category sales data","invocations":1,"location":null,"numPassingAsserts":3,"retryReasons":[],"startAt":1785302646845,"status":"passed","title":"Should return category sales data"},{"ancestorTitles":["Analytics API Endpoints","GET /api/v1/admin/dashboard"],"duration":75,"failing":false,"failureDetails":[],"failureMessages":[],"fullName":"Analytics API Endpoints GET /api/v1/admin/dashboard Should return dashboard stats","invocations":1,"location":null,"numPassingAsserts":5,"retryReasons":[],"startAt":1785302646880,"status":"passed","title":"Should return dashboard stats"},{"ancestorTitles":["Response Format Standardization"],"duration":34,"failing":false,"failureDetails":[],"failureMessages":[],"fullName":"Response Format Standardization All success responses should have standard format","invocations":1,"location":null,"numPassingAsserts":5,"retryReasons":[],"startAt":1785302646957,"status":"passed","title":"All success responses should have standard format"},{"ancestorTitles":["Response Format Standardization"],"duration":33,"failing":false,"failureDetails":[],"failureMessages":[],"fullName":"Response Format Standardization All error responses should have standard format","invocations":1,"location":null,"numPassingAsserts":4,"retryReasons":[],"startAt":1785302646992,"status":"passed","title":"All error responses should have standard format"},{"ancestorTitles":["Error Handling"],"duration":52,"failing":false,"failureDetails":[],"failureMessages":[],"fullName":"Error Handling Should handle 401 Unauthorized","invocations":1,"location":null,"numPassingAsserts":3,"retryReasons":[],"startAt":1785302647025,"status":"passed","title":"Should handle 401 Unauthorized"},{"ancestorTitles":["Error Handling"],"duration":73,"failing":false,"failureDetails":[{"matcherResult":{"actual":500,"expected":404,"message":"\u001b[2mexpect(\u001b[22m\u001b[31mreceived\u001b[39m\u001b[2m).\u001b[22mtoBe\u001b[2m(\u001b[22m\u001b[32mexpected\u001b[39m\u001b[2m) // Object.is equality\u001b[22m\n\nExpected: \u001b[32m404\u001b[39m\nReceived: \u001b[31m500\u001b[39m","name":"toBe","pass":false}}],"failureMessages":["Error: \u001b[2mexpect(\u001b[22m\u001b[31mreceived\u001b[39m\u001b[2m).\u001b[22mtoBe\u001b[2m(\u001b[22m\u001b[32mexpected\u001b[39m\u001b[2m) // Object.is equality\u001b[22m\n\nExpected: \u001b[32m404\u001b[39m\nReceived: \u001b[31m500\u001b[39m\n    at Object.toBe (/home/abdulhamid/Music/AI Based Ecom Web/AI-based-ecommerce-website-backend/__tests__/api.test.js:452:29)\n    at processTicksAndRejections (node:internal/process/task_queues:104:5)"],"fullName":"Error Handling Should handle 404 Not Found","invocations":1,"location":null,"numPassingAsserts":0,"retryReasons":[],"startAt":1785302647080,"status":"failed","title":"Should handle 404 Not Found"},{"ancestorTitles":["Error Handling"],"duration":65,"failing":false,"failureDetails":[],"failureMessages":[],"fullName":"Error Handling Should handle invalid request body","invocations":1,"location":null,"numPassingAsserts":3,"retryReasons":[],"startAt":1785302647154,"status":"passed","title":"Should handle invalid request body"}],"endTime":1785302647236,"message":"\u001b[1m\u001b[31m  \u001b[1m● \u001b[22m\u001b[1mError Handling › Should handle 404 Not Found\u001b[39m\u001b[22m\n\n    \u001b[2mexpect(\u001b[22m\u001b[31mreceived\u001b[39m\u001b[2m).\u001b[22mtoBe\u001b[2m(\u001b[22m\u001b[32mexpected\u001b[39m\u001b[2m) // Object.is equality\u001b[22m\n\n    Expected: \u001b[32m404\u001b[39m\n    Received: \u001b[31m500\u001b[39m\n\u001b[2m\u001b[22m\n\u001b[2m    \u001b[0m \u001b[90m 450 |\u001b[39m       \u001b[33m.\u001b[39m\u001b[36mset\u001b[39m(\u001b[32m'Authorization'\u001b[39m\u001b[33m,\u001b[39m \u001b[32m`Bearer ${token}`\u001b[39m)\u001b[22m\n\u001b[2m     \u001b[90m 451 |\u001b[39m\u001b[22m\n\u001b[2m    \u001b[31m\u001b[1m>\u001b[22m\u001b[2m\u001b[39m\u001b[90m 452 |\u001b[39m     expect(response\u001b[33m.\u001b[39mstatus)\u001b[33m.\u001b[39mtoBe(\u001b[35m404\u001b[39m)\u001b[22m\n\u001b[2m     \u001b[90m     |\u001b[39m                             \u001b[31m\u001b[1m^\u001b[22m\u001b[2m\u001b[39m\u001b[22m\n\u001b[2m     \u001b[90m 453 |\u001b[39m     expect(response\u001b[33m.\u001b[39mbody\u001b[33m.\u001b[39msuccess)\u001b[33m.\u001b[39mtoBe(\u001b[36mfalse\u001b[39m)\u001b[22m\n\u001b[2m     \u001b[90m 454 |\u001b[39m   })\u001b[22m\n\u001b[2m     \u001b[90m 455 |\u001b[39m\u001b[0m\u001b[22m\n\u001b[2m\u001b[22m\n\u001b[2m      \u001b[2mat Object.toBe (\u001b[22m\u001b[2m\u001b[0m\u001b[36m__tests__/api.test.js\u001b[39m\u001b[0m\u001b[2m:452:29)\u001b[22m\u001b[2m\u001b[22m\n","name":"/home/abdulhamid/Music/AI Based Ecom Web/AI-based-ecommerce-website-backend/__tests__/api.test.js","startTime":1785302643135,"status":"failed","summary":""}],"wasInterrupted":false}
